<?xml version="1.0" encoding="UTF-8"?>
<testng-results skipped="0" failed="0" ignored="0" total="2" passed="2">
  <reporter-output>
  </reporter-output>
  <suite name="Surefire suite" duration-ms="13056" started-at="2020-10-02T17:50:15Z" finished-at="2020-10-02T17:50:28Z">
    <groups>
    </groups>
    <test name="Surefire test" duration-ms="13056" started-at="2020-10-02T17:50:15Z" finished-at="2020-10-02T17:50:28Z">
      <class name="com.qa.FreeCRM.PageTest.LoginPageTest">
        <test-method status="PASS" signature="setup()[pri:0, instance:com.qa.FreeCRM.PageTest.LoginPageTest@68be2bc2]" name="setup" is-config="true" duration-ms="12067" started-at="2020-10-02T17:50:15Z" finished-at="2020-10-02T17:50:27Z">
          <reporter-output>
          </reporter-output>
        </test-method> <!-- setup -->
        <test-method status="PASS" signature="verifyLoginPageTitleTest()[pri:0, instance:com.qa.FreeCRM.PageTest.LoginPageTest@68be2bc2]" name="verifyLoginPageTitleTest" duration-ms="8" started-at="2020-10-02T17:50:27Z" finished-at="2020-10-02T17:50:27Z">
          <reporter-output>
          </reporter-output>
        </test-method> <!-- verifyLoginPageTitleTest -->
        <test-method status="PASS" signature="verifyLoginTest()[pri:0, instance:com.qa.FreeCRM.PageTest.LoginPageTest@68be2bc2]" name="verifyLoginTest" duration-ms="264" started-at="2020-10-02T17:50:27Z" finished-at="2020-10-02T17:50:27Z">
          <reporter-output>
          </reporter-output>
        </test-method> <!-- verifyLoginTest -->
        <test-method status="PASS" signature="teardown()[pri:0, instance:com.qa.FreeCRM.PageTest.LoginPageTest@68be2bc2]" name="teardown" is-config="true" duration-ms="705" started-at="2020-10-02T17:50:27Z" finished-at="2020-10-02T17:50:28Z">
          <reporter-output>
          </reporter-output>
        </test-method> <!-- teardown -->
      </class> <!-- com.qa.FreeCRM.PageTest.LoginPageTest -->
    </test> <!-- Surefire test -->
  </suite> <!-- Surefire suite -->
</testng-results>
