<?xml version="1.0" encoding="UTF-8"?>
<testng-results skipped="0" failed="0" ignored="0" total="3" passed="3">
  <reporter-output>
  </reporter-output>
  <suite name="Free CRM Test automtion regression suite" duration-ms="89188" started-at="2020-10-10T23:31:57 IST" finished-at="2020-10-10T23:33:26 IST">
    <groups>
    </groups>
    <test name="Login page Test" duration-ms="48487" started-at="2020-10-10T23:31:57 IST" finished-at="2020-10-10T23:32:45 IST">
      <class name="com.qa.FreeCRM.PageTest.LoginPageTest">
        <test-method status="PASS" signature="setup()[pri:0, instance:com.qa.FreeCRM.PageTest.LoginPageTest@660c6091]" name="setup" is-config="true" duration-ms="46772" started-at="2020-10-10T23:31:57 IST" finished-at="2020-10-10T23:32:43 IST">
          <reporter-output>
          </reporter-output>
        </test-method> <!-- setup -->
        <test-method status="PASS" signature="verifyLoginPageTitleTest()[pri:0, instance:com.qa.FreeCRM.PageTest.LoginPageTest@660c6091]" name="verifyLoginPageTitleTest" duration-ms="222" started-at="2020-10-10T23:32:43 IST" finished-at="2020-10-10T23:32:44 IST">
          <reporter-output>
          </reporter-output>
        </test-method> <!-- verifyLoginPageTitleTest -->
        <test-method status="PASS" signature="verifyLoginTest()[pri:0, instance:com.qa.FreeCRM.PageTest.LoginPageTest@660c6091]" name="verifyLoginTest" duration-ms="379" started-at="2020-10-10T23:32:44 IST" finished-at="2020-10-10T23:32:44 IST">
          <reporter-output>
          </reporter-output>
        </test-method> <!-- verifyLoginTest -->
        <test-method status="PASS" signature="teardown()[pri:0, instance:com.qa.FreeCRM.PageTest.LoginPageTest@660c6091]" name="teardown" is-config="true" duration-ms="695" started-at="2020-10-10T23:32:44 IST" finished-at="2020-10-10T23:32:45 IST">
          <reporter-output>
          </reporter-output>
        </test-method> <!-- teardown -->
      </class> <!-- com.qa.FreeCRM.PageTest.LoginPageTest -->
    </test> <!-- Login page Test -->
    <test name="Home page Test" duration-ms="40651" started-at="2020-10-10T23:32:45 IST" finished-at="2020-10-10T23:33:26 IST">
      <class name="com.qa.FreeCRM.PageTest.HomePageTest">
        <test-method status="PASS" signature="setup()[pri:0, instance:com.qa.FreeCRM.PageTest.HomePageTest@5877a9e7]" name="setup" is-config="true" duration-ms="35781" started-at="2020-10-10T23:32:45 IST" finished-at="2020-10-10T23:33:21 IST">
          <reporter-output>
          </reporter-output>
        </test-method> <!-- setup -->
        <test-method status="PASS" signature="homePageSetup()[pri:0, instance:com.qa.FreeCRM.PageTest.HomePageTest@5877a9e7]" name="homePageSetup" is-config="true" duration-ms="307" started-at="2020-10-10T23:33:21 IST" finished-at="2020-10-10T23:33:21 IST">
          <reporter-output>
          </reporter-output>
        </test-method> <!-- homePageSetup -->
        <test-method status="PASS" signature="verifyUserProfileTest()[pri:0, instance:com.qa.FreeCRM.PageTest.HomePageTest@5877a9e7]" name="verifyUserProfileTest" duration-ms="3824" started-at="2020-10-10T23:33:21 IST" finished-at="2020-10-10T23:33:25 IST">
          <reporter-output>
          </reporter-output>
        </test-method> <!-- verifyUserProfileTest -->
        <test-method status="PASS" signature="teardown()[pri:0, instance:com.qa.FreeCRM.PageTest.HomePageTest@5877a9e7]" name="teardown" is-config="true" duration-ms="726" started-at="2020-10-10T23:33:25 IST" finished-at="2020-10-10T23:33:26 IST">
          <reporter-output>
          </reporter-output>
        </test-method> <!-- teardown -->
      </class> <!-- com.qa.FreeCRM.PageTest.HomePageTest -->
    </test> <!-- Home page Test -->
  </suite> <!-- Free CRM Test automtion regression suite -->
</testng-results>
