<?xml version="1.0" encoding="UTF-8"?>
<!-- Generated by org.testng.reporters.JUnitXMLReporter -->
<testsuite hostname="L505613" ignored="0" name="Contacts page Test" tests="2" failures="0" timestamp="2020-10-05T16:29:15 IST" time="30.06" errors="0">
  <testcase name="verifyLoginPageTitleTest" time="0.022" classname="com.qa.FreeCRM.PageTest.LoginPageTest"/>
  <testcase name="verifyLoginTest" time="0.474" classname="com.qa.FreeCRM.PageTest.LoginPageTest"/>
</testsuite> <!-- Contacts page Test -->
